# StreamVersion 1.1
ExposeEvent 0 959 0 0 0 0
RenderEvent 0 959 0 0 0 0
MouseMoveEvent 872 502 0 0 0 0
MouseMoveEvent 871 501 0 0 0 0
MouseMoveEvent 870 501 0 0 0 0
MouseMoveEvent 867 500 0 0 0 0
MouseMoveEvent 865 498 0 0 0 0
MouseMoveEvent 864 498 0 0 0 0
MouseMoveEvent 863 497 0 0 0 0
MouseMoveEvent 861 495 0 0 0 0
MouseMoveEvent 859 495 0 0 0 0
MouseMoveEvent 857 494 0 0 0 0
MouseMoveEvent 854 493 0 0 0 0
MouseMoveEvent 852 492 0 0 0 0
MouseMoveEvent 849 491 0 0 0 0
MouseMoveEvent 846 490 0 0 0 0
MouseMoveEvent 844 489 0 0 0 0
MouseMoveEvent 841 489 0 0 0 0
MouseMoveEvent 838 489 0 0 0 0
MouseMoveEvent 834 489 0 0 0 0
MouseMoveEvent 832 488 0 0 0 0
MouseMoveEvent 829 488 0 0 0 0
MouseMoveEvent 826 487 0 0 0 0
MouseMoveEvent 825 486 0 0 0 0
MouseMoveEvent 824 486 0 0 0 0
MouseMoveEvent 823 486 0 0 0 0
MouseMoveEvent 822 486 0 0 0 0
MouseMoveEvent 823 486 0 0 0 0
MouseMoveEvent 823 486 0 0 0 0
MouseMoveEvent 823 487 0 0 0 0
MouseMoveEvent 823 487 0 0 0 0
MouseMoveEvent 823 489 0 0 0 0
MouseMoveEvent 823 490 0 0 0 0
MouseMoveEvent 823 493 0 0 0 0
MouseMoveEvent 823 495 0 0 0 0
MouseMoveEvent 823 498 0 0 0 0
MouseMoveEvent 822 501 0 0 0 0
MouseMoveEvent 822 503 0 0 0 0
MouseMoveEvent 821 508 0 0 0 0
MouseMoveEvent 821 513 0 0 0 0
MouseMoveEvent 820 517 0 0 0 0
MouseMoveEvent 819 521 0 0 0 0
MouseMoveEvent 819 528 0 0 0 0
MouseMoveEvent 819 533 0 0 0 0
MouseMoveEvent 818 537 0 0 0 0
MouseMoveEvent 818 542 0 0 0 0
MouseMoveEvent 818 546 0 0 0 0
MouseMoveEvent 818 548 0 0 0 0
MouseMoveEvent 818 551 0 0 0 0
MouseMoveEvent 818 553 0 0 0 0
MouseMoveEvent 818 554 0 0 0 0
MouseMoveEvent 819 554 0 0 0 0
LeftButtonPressEvent 819 554 0 0 0 0
StartInteractionEvent 819 554 0 0 0 0
MouseMoveEvent 817 552 0 0 0 0
RenderEvent 817 552 0 0 0 0
InteractionEvent 817 552 0 0 0 0
MouseMoveEvent 817 551 0 0 0 0
RenderEvent 817 551 0 0 0 0
InteractionEvent 817 551 0 0 0 0
MouseMoveEvent 815 548 0 0 0 0
RenderEvent 815 548 0 0 0 0
InteractionEvent 815 548 0 0 0 0
MouseMoveEvent 813 543 0 0 0 0
RenderEvent 813 543 0 0 0 0
InteractionEvent 813 543 0 0 0 0
MouseMoveEvent 802 532 0 0 0 0
RenderEvent 802 532 0 0 0 0
InteractionEvent 802 532 0 0 0 0
MouseMoveEvent 793 516 0 0 0 0
RenderEvent 793 516 0 0 0 0
InteractionEvent 793 516 0 0 0 0
MouseMoveEvent 780 500 0 0 0 0
RenderEvent 780 500 0 0 0 0
InteractionEvent 780 500 0 0 0 0
MouseMoveEvent 766 484 0 0 0 0
RenderEvent 766 484 0 0 0 0
InteractionEvent 766 484 0 0 0 0
MouseMoveEvent 744 455 0 0 0 0
RenderEvent 744 455 0 0 0 0
InteractionEvent 744 455 0 0 0 0
MouseMoveEvent 731 437 0 0 0 0
RenderEvent 731 437 0 0 0 0
InteractionEvent 731 437 0 0 0 0
MouseMoveEvent 717 420 0 0 0 0
RenderEvent 717 420 0 0 0 0
InteractionEvent 717 420 0 0 0 0
MouseMoveEvent 707 404 0 0 0 0
RenderEvent 707 404 0 0 0 0
InteractionEvent 707 404 0 0 0 0
MouseMoveEvent 698 390 0 0 0 0
RenderEvent 698 390 0 0 0 0
InteractionEvent 698 390 0 0 0 0
MouseMoveEvent 690 380 0 0 0 0
RenderEvent 690 380 0 0 0 0
InteractionEvent 690 380 0 0 0 0
MouseMoveEvent 685 372 0 0 0 0
RenderEvent 685 372 0 0 0 0
InteractionEvent 685 372 0 0 0 0
MouseMoveEvent 682 367 0 0 0 0
RenderEvent 682 367 0 0 0 0
InteractionEvent 682 367 0 0 0 0
MouseMoveEvent 680 362 0 0 0 0
RenderEvent 680 362 0 0 0 0
InteractionEvent 680 362 0 0 0 0
MouseMoveEvent 676 358 0 0 0 0
RenderEvent 676 358 0 0 0 0
InteractionEvent 676 358 0 0 0 0
MouseMoveEvent 675 354 0 0 0 0
RenderEvent 675 354 0 0 0 0
InteractionEvent 675 354 0 0 0 0
MouseMoveEvent 673 351 0 0 0 0
RenderEvent 673 351 0 0 0 0
InteractionEvent 673 351 0 0 0 0
LeftButtonReleaseEvent 673 351 0 0 0 0
EndInteractionEvent 673 351 0 0 0 0
RenderEvent 673 351 0 0 0 0
MouseMoveEvent 672 351 0 0 0 0
MouseMoveEvent 673 351 0 0 0 0
MouseMoveEvent 674 351 0 0 0 0
MouseMoveEvent 674 352 0 0 0 0
MouseMoveEvent 674 353 0 0 0 0
MouseMoveEvent 674 353 0 0 0 0
MouseMoveEvent 674 354 0 0 0 0
MouseWheelForwardEvent 674 354 0 0 0 0
StartInteractionEvent 674 354 0 0 0 0
RenderEvent 674 354 0 0 0 0
EndInteractionEvent 674 354 0 0 0 0
RenderEvent 674 354 0 0 0 0
MouseWheelForwardEvent 674 354 0 0 1 0
StartInteractionEvent 674 354 0 0 1 0
RenderEvent 674 354 0 0 1 0
EndInteractionEvent 674 354 0 0 1 0
RenderEvent 674 354 0 0 1 0
MouseWheelForwardEvent 674 354 0 0 0 0
StartInteractionEvent 674 354 0 0 0 0
RenderEvent 674 354 0 0 0 0
EndInteractionEvent 674 354 0 0 0 0
RenderEvent 674 354 0 0 0 0
MouseWheelBackwardEvent 674 354 0 0 1 0
StartInteractionEvent 674 354 0 0 1 0
RenderEvent 674 354 0 0 1 0
EndInteractionEvent 674 354 0 0 1 0
RenderEvent 674 354 0 0 1 0
MouseWheelBackwardEvent 674 354 0 0 0 0
StartInteractionEvent 674 354 0 0 0 0
RenderEvent 674 354 0 0 0 0
EndInteractionEvent 674 354 0 0 0 0
RenderEvent 674 354 0 0 0 0
MouseMoveEvent 674 354 0 0 0 0
MouseWheelBackwardEvent 674 354 0 0 1 0
StartInteractionEvent 674 354 0 0 1 0
RenderEvent 674 354 0 0 1 0
EndInteractionEvent 674 354 0 0 1 0
RenderEvent 674 354 0 0 1 0
MouseWheelBackwardEvent 674 354 0 0 0 0
StartInteractionEvent 674 354 0 0 0 0
RenderEvent 674 354 0 0 0 0
EndInteractionEvent 674 354 0 0 0 0
RenderEvent 674 354 0 0 0 0
MouseWheelBackwardEvent 674 354 0 0 1 0
StartInteractionEvent 674 354 0 0 1 0
RenderEvent 674 354 0 0 1 0
EndInteractionEvent 674 354 0 0 1 0
RenderEvent 674 354 0 0 1 0
