310	
310	
310	
65	
65	
65	
65	
14	
14	
310	
310	
14	
14	
14	
14	
14	
65	
310	
297	
297	
297	
297	
310	
14	
362	
310	
310	
14	
310	
310	
297	
310	
297	
65	
65	
65	
14	
65	
362	
362	
65	
65	
65	
65	
14	
362	
65	
65	
65	
65	
310	
297	
297	
310	
310	
310	
310	
65	
297	
310	
310	
310	
65	
65	
65	
65	
362	
362	
65	
65	
65	
65	
65	
310	
109	
254	
297	
297	
297	
310	
297	
109	
297	
297	
310	
254	
297	
310	
117	
266	
65	
109	
65	
297	
117	
193	
234	
234	
234	
234	
266	
234	
117	
254	
254	
254	
254	
109	
109	
109	
109	
254	
254	
254	
266	
297	
117	
254	
109	
109	
117	
117	
193	
117	
234	
234	
254	
254	
254	
254	
117	
254	
254	
254	
234	
266	
117	
117	
117	
234	
234	
234	
226	
234	
117	
226	
234	
226	
193	
226	
193	
117	
266	
226	
254	
234	
234	
117	
117	
117	
234	
234	
234	
234	
234	
117	
234	
234	
226	
226	
226	
226	
193	
226	
234	
234	
226	
234	
117	
117	
234	
234	
234	
234	
234	
193	
117	
193	
226	
226	
234	
234	
193	
193	
266	
266	
234	
234	
234	
193	
193	
226	
226	
226	
226	
193	
193	
193	
193	
226	
226	
234	
234	
234	
117	
193	
234	
234	
234	
234	
193	
226	
226	
226	
234	
226	
193	
226	
193	
226	
226	
226	
234	
234	
193	
193	
226	
234	
266	
234	
234	
226	
226	
226	
226	
226	
226	
193	
226	
193	
226	
234	
254	
254	
266	
266	
193	
193	
266	
297	
266	
266	
117	
117	
266	
266	
266	
226	
234	
117	
117	
234	
234	
254	
254	
254	
117	
193	
266	
266	
297	
226	
266	
226	
226	
266	
266	
266	
297	
297	
297	
297	
266	
266	
297	
297	
297	
297	
65	
65	
310	
297	
297	
297	
362	
65	
65	
310	
310	
310	
310	
297	
266	
266	
266	
297	
310	
310	
310	
310	
310	
310	
266	
297	
310	
297	
297	
310	
310	
297	
310	
310	
362	
310	
310	
65	
310	
310	
310	
310	
310	
310	
65	
310	
14	
310	
310	
297	
297	
297	
310	
297	
310	
310	
362	
310	
362	
362	
362	
362	
362	
362	
362	
310	
362	
